2022-07-07 14:11:40.695  INFO 14808 --- [main] com.interview.enableu.task.Main          : Starting Main using Java 1.8.0_301 on DESKTOP-95BF9T0 with PID 14808 (C:\Users\Dima\IdeaProjects\task\build\classes\java\main started by Dima in C:\Users\Dima\IdeaProjects\task)
2022-07-07 14:11:40.705  INFO 14808 --- [main] com.interview.enableu.task.Main          : No active profile set, falling back to 1 default profile: "default"
2022-07-07 14:11:42.691  INFO 14808 --- [main] o.s.b.w.embedded.tomcat.TomcatWebServer  : Tomcat initialized with port(s): 8080 (http)
2022-07-07 14:11:42.706  INFO 14808 --- [main] o.apache.catalina.core.StandardService   : Starting service [Tomcat]
2022-07-07 14:11:42.706  INFO 14808 --- [main] org.apache.catalina.core.StandardEngine  : Starting Servlet engine: [Apache Tomcat/9.0.64]
2022-07-07 14:11:42.893  INFO 14808 --- [main] o.a.c.c.C.[Tomcat].[localhost].[/]       : Initializing Spring embedded WebApplicationContext
2022-07-07 14:11:42.893  INFO 14808 --- [main] w.s.c.ServletWebServerApplicationContext : Root WebApplicationContext: initialization completed in 2110 ms
2022-07-07 14:11:44.569  INFO 14808 --- [main] o.s.b.w.embedded.tomcat.TomcatWebServer  : Tomcat started on port(s): 8080 (http) with context path ''
2022-07-07 14:11:44.587  INFO 14808 --- [main] com.interview.enableu.task.Main          : Started Main in 4.576 seconds (JVM running for 5.061)
2022-07-07 14:11:51.904  INFO 14808 --- [http-nio-8080-exec-1] o.a.c.c.C.[Tomcat].[localhost].[/]       : Initializing Spring DispatcherServlet 'dispatcherServlet'
2022-07-07 14:11:51.905  INFO 14808 --- [http-nio-8080-exec-1] o.s.web.servlet.DispatcherServlet        : Initializing Servlet 'dispatcherServlet'
2022-07-07 14:11:51.907  INFO 14808 --- [http-nio-8080-exec-1] o.s.web.servlet.DispatcherServlet        : Completed initialization in 1 ms
2022-07-07 14:11:52.825  INFO 14808 --- [http-nio-8080-exec-10] o.springdoc.api.AbstractOpenApiResource  : Init duration for springdoc-openapi is: 262 ms
2022-07-07 14:16:07.889  INFO 23168 --- [main] com.interview.enableu.task.Main          : Starting Main using Java 1.8.0_301 on DESKTOP-95BF9T0 with PID 23168 (C:\Users\Dima\IdeaProjects\task\build\classes\java\main started by Dima in C:\Users\Dima\IdeaProjects\task)
2022-07-07 14:16:07.892  INFO 23168 --- [main] com.interview.enableu.task.Main          : No active profile set, falling back to 1 default profile: "default"
2022-07-07 14:16:09.724  INFO 23168 --- [main] o.s.b.w.embedded.tomcat.TomcatWebServer  : Tomcat initialized with port(s): 8080 (http)
2022-07-07 14:16:09.739  INFO 23168 --- [main] o.apache.catalina.core.StandardService   : Starting service [Tomcat]
2022-07-07 14:16:09.739  INFO 23168 --- [main] org.apache.catalina.core.StandardEngine  : Starting Servlet engine: [Apache Tomcat/9.0.64]
2022-07-07 14:16:09.917  INFO 23168 --- [main] o.a.c.c.C.[Tomcat].[localhost].[/]       : Initializing Spring embedded WebApplicationContext
2022-07-07 14:16:09.917  INFO 23168 --- [main] w.s.c.ServletWebServerApplicationContext : Root WebApplicationContext: initialization completed in 1962 ms
2022-07-07 14:16:11.570  INFO 23168 --- [main] o.s.b.w.embedded.tomcat.TomcatWebServer  : Tomcat started on port(s): 8080 (http) with context path ''
2022-07-07 14:16:11.589  INFO 23168 --- [main] com.interview.enableu.task.Main          : Started Main in 4.252 seconds (JVM running for 4.717)
2022-07-07 14:16:18.124  INFO 23168 --- [http-nio-8080-exec-1] o.a.c.c.C.[Tomcat].[localhost].[/]       : Initializing Spring DispatcherServlet 'dispatcherServlet'
2022-07-07 14:16:18.124  INFO 23168 --- [http-nio-8080-exec-1] o.s.web.servlet.DispatcherServlet        : Initializing Servlet 'dispatcherServlet'
2022-07-07 14:16:18.125  INFO 23168 --- [http-nio-8080-exec-1] o.s.web.servlet.DispatcherServlet        : Completed initialization in 1 ms
2022-07-07 14:16:19.115  INFO 23168 --- [http-nio-8080-exec-9] o.springdoc.api.AbstractOpenApiResource  : Init duration for springdoc-openapi is: 331 ms
2022-07-07 14:21:25.519  INFO 740 --- [main] com.interview.enableu.task.Main          : Starting Main using Java 1.8.0_301 on DESKTOP-95BF9T0 with PID 740 (C:\Users\Dima\IdeaProjects\task\build\classes\java\main started by Dima in C:\Users\Dima\IdeaProjects\task)
2022-07-07 14:21:25.523  INFO 740 --- [main] com.interview.enableu.task.Main          : No active profile set, falling back to 1 default profile: "default"
2022-07-07 14:21:27.469  INFO 740 --- [main] o.s.b.w.embedded.tomcat.TomcatWebServer  : Tomcat initialized with port(s): 8080 (http)
2022-07-07 14:21:27.489  INFO 740 --- [main] o.apache.catalina.core.StandardService   : Starting service [Tomcat]
2022-07-07 14:21:27.489  INFO 740 --- [main] org.apache.catalina.core.StandardEngine  : Starting Servlet engine: [Apache Tomcat/9.0.64]
2022-07-07 14:21:27.735  INFO 740 --- [main] o.a.c.c.C.[Tomcat].[localhost].[/]       : Initializing Spring embedded WebApplicationContext
2022-07-07 14:21:27.735  INFO 740 --- [main] w.s.c.ServletWebServerApplicationContext : Root WebApplicationContext: initialization completed in 2141 ms
2022-07-07 14:21:29.287  INFO 740 --- [main] o.s.b.w.embedded.tomcat.TomcatWebServer  : Tomcat started on port(s): 8080 (http) with context path ''
2022-07-07 14:21:29.303  INFO 740 --- [main] com.interview.enableu.task.Main          : Started Main in 4.421 seconds (JVM running for 4.95)
2022-07-07 14:21:50.872  INFO 740 --- [http-nio-8080-exec-1] o.a.c.c.C.[Tomcat].[localhost].[/]       : Initializing Spring DispatcherServlet 'dispatcherServlet'
2022-07-07 14:21:50.872  INFO 740 --- [http-nio-8080-exec-1] o.s.web.servlet.DispatcherServlet        : Initializing Servlet 'dispatcherServlet'
2022-07-07 14:21:50.873  INFO 740 --- [http-nio-8080-exec-1] o.s.web.servlet.DispatcherServlet        : Completed initialization in 1 ms
2022-07-07 14:21:51.758  INFO 740 --- [http-nio-8080-exec-9] o.springdoc.api.AbstractOpenApiResource  : Init duration for springdoc-openapi is: 326 ms
2022-07-07 14:24:41.783  INFO 740 --- [http-nio-8080-exec-2] c.i.e.t.w.c.UrlMonitoringController      : /stop endpoint was called
2022-07-07 14:25:16.720  INFO 13224 --- [main] com.interview.enableu.task.Main          : Starting Main using Java 1.8.0_301 on DESKTOP-95BF9T0 with PID 13224 (C:\Users\Dima\IdeaProjects\task\build\classes\java\main started by Dima in C:\Users\Dima\IdeaProjects\task)
2022-07-07 14:25:16.723  INFO 13224 --- [main] com.interview.enableu.task.Main          : No active profile set, falling back to 1 default profile: "default"
2022-07-07 14:25:18.503  INFO 13224 --- [main] o.s.b.w.embedded.tomcat.TomcatWebServer  : Tomcat initialized with port(s): 8080 (http)
2022-07-07 14:25:18.516  INFO 13224 --- [main] o.apache.catalina.core.StandardService   : Starting service [Tomcat]
2022-07-07 14:25:18.517  INFO 13224 --- [main] org.apache.catalina.core.StandardEngine  : Starting Servlet engine: [Apache Tomcat/9.0.64]
2022-07-07 14:25:18.694  INFO 13224 --- [main] o.a.c.c.C.[Tomcat].[localhost].[/]       : Initializing Spring embedded WebApplicationContext
2022-07-07 14:25:18.695  INFO 13224 --- [main] w.s.c.ServletWebServerApplicationContext : Root WebApplicationContext: initialization completed in 1911 ms
2022-07-07 14:25:20.345  INFO 13224 --- [main] o.s.b.w.embedded.tomcat.TomcatWebServer  : Tomcat started on port(s): 8080 (http) with context path ''
2022-07-07 14:25:20.362  INFO 13224 --- [main] com.interview.enableu.task.Main          : Started Main in 4.227 seconds (JVM running for 4.737)
2022-07-07 14:25:22.510  INFO 13224 --- [http-nio-8080-exec-1] o.a.c.c.C.[Tomcat].[localhost].[/]       : Initializing Spring DispatcherServlet 'dispatcherServlet'
2022-07-07 14:25:22.511  INFO 13224 --- [http-nio-8080-exec-1] o.s.web.servlet.DispatcherServlet        : Initializing Servlet 'dispatcherServlet'
2022-07-07 14:25:22.512  INFO 13224 --- [http-nio-8080-exec-1] o.s.web.servlet.DispatcherServlet        : Completed initialization in 1 ms
2022-07-07 14:25:22.563  INFO 13224 --- [http-nio-8080-exec-1] c.i.e.t.w.c.UrlMonitoringController      : /stop endpoint was called
2022-07-07 14:27:06.314  INFO 19604 --- [main] com.interview.enableu.task.Main          : Starting Main using Java 1.8.0_301 on DESKTOP-95BF9T0 with PID 19604 (C:\Users\Dima\IdeaProjects\task\build\classes\java\main started by Dima in C:\Users\Dima\IdeaProjects\task)
2022-07-07 14:27:06.318  INFO 19604 --- [main] com.interview.enableu.task.Main          : No active profile set, falling back to 1 default profile: "default"
2022-07-07 14:27:08.229  INFO 19604 --- [main] o.s.b.w.embedded.tomcat.TomcatWebServer  : Tomcat initialized with port(s): 8080 (http)
2022-07-07 14:27:08.244  INFO 19604 --- [main] o.apache.catalina.core.StandardService   : Starting service [Tomcat]
2022-07-07 14:27:08.245  INFO 19604 --- [main] org.apache.catalina.core.StandardEngine  : Starting Servlet engine: [Apache Tomcat/9.0.64]
2022-07-07 14:27:08.417  INFO 19604 --- [main] o.a.c.c.C.[Tomcat].[localhost].[/]       : Initializing Spring embedded WebApplicationContext
2022-07-07 14:27:08.417  INFO 19604 --- [main] w.s.c.ServletWebServerApplicationContext : Root WebApplicationContext: initialization completed in 2034 ms
2022-07-07 14:27:09.949  INFO 19604 --- [main] o.s.b.w.embedded.tomcat.TomcatWebServer  : Tomcat started on port(s): 8080 (http) with context path ''
2022-07-07 14:27:09.965  INFO 19604 --- [main] com.interview.enableu.task.Main          : Started Main in 4.237 seconds (JVM running for 4.747)
2022-07-07 14:27:21.878  INFO 19604 --- [http-nio-8080-exec-2] o.a.c.c.C.[Tomcat].[localhost].[/]       : Initializing Spring DispatcherServlet 'dispatcherServlet'
2022-07-07 14:27:21.878  INFO 19604 --- [http-nio-8080-exec-2] o.s.web.servlet.DispatcherServlet        : Initializing Servlet 'dispatcherServlet'
2022-07-07 14:27:21.879  INFO 19604 --- [http-nio-8080-exec-2] o.s.web.servlet.DispatcherServlet        : Completed initialization in 1 ms
2022-07-07 14:27:22.830  INFO 19604 --- [http-nio-8080-exec-9] o.springdoc.api.AbstractOpenApiResource  : Init duration for springdoc-openapi is: 347 ms
2022-07-07 14:32:23.050  INFO 4020 --- [main] com.interview.enableu.task.Main          : Starting Main using Java 1.8.0_301 on DESKTOP-95BF9T0 with PID 4020 (C:\Users\Dima\IdeaProjects\task\build\classes\java\main started by Dima in C:\Users\Dima\IdeaProjects\task)
2022-07-07 14:32:23.054  INFO 4020 --- [main] com.interview.enableu.task.Main          : No active profile set, falling back to 1 default profile: "default"
2022-07-07 14:32:24.844  INFO 4020 --- [main] o.s.b.w.embedded.tomcat.TomcatWebServer  : Tomcat initialized with port(s): 8080 (http)
2022-07-07 14:32:24.860  INFO 4020 --- [main] o.apache.catalina.core.StandardService   : Starting service [Tomcat]
2022-07-07 14:32:24.860  INFO 4020 --- [main] org.apache.catalina.core.StandardEngine  : Starting Servlet engine: [Apache Tomcat/9.0.64]
2022-07-07 14:32:25.048  INFO 4020 --- [main] o.a.c.c.C.[Tomcat].[localhost].[/]       : Initializing Spring embedded WebApplicationContext
2022-07-07 14:32:25.049  INFO 4020 --- [main] w.s.c.ServletWebServerApplicationContext : Root WebApplicationContext: initialization completed in 1930 ms
2022-07-07 14:32:26.757  INFO 4020 --- [main] o.s.b.w.embedded.tomcat.TomcatWebServer  : Tomcat started on port(s): 8080 (http) with context path ''
2022-07-07 14:32:26.776  INFO 4020 --- [main] com.interview.enableu.task.Main          : Started Main in 4.261 seconds (JVM running for 4.73)
2022-07-07 14:32:31.487  INFO 4020 --- [http-nio-8080-exec-1] o.a.c.c.C.[Tomcat].[localhost].[/]       : Initializing Spring DispatcherServlet 'dispatcherServlet'
2022-07-07 14:32:31.488  INFO 4020 --- [http-nio-8080-exec-1] o.s.web.servlet.DispatcherServlet        : Initializing Servlet 'dispatcherServlet'
2022-07-07 14:32:31.489  INFO 4020 --- [http-nio-8080-exec-1] o.s.web.servlet.DispatcherServlet        : Completed initialization in 1 ms
2022-07-07 14:32:32.453  INFO 4020 --- [http-nio-8080-exec-9] o.springdoc.api.AbstractOpenApiResource  : Init duration for springdoc-openapi is: 458 ms
2022-07-07 14:33:22.936  INFO 13592 --- [main] com.interview.enableu.task.Main          : Starting Main using Java 1.8.0_301 on DESKTOP-95BF9T0 with PID 13592 (C:\Users\Dima\IdeaProjects\task\build\classes\java\main started by Dima in C:\Users\Dima\IdeaProjects\task)
2022-07-07 14:33:22.940  INFO 13592 --- [main] com.interview.enableu.task.Main          : No active profile set, falling back to 1 default profile: "default"
2022-07-07 14:33:24.914  INFO 13592 --- [main] o.s.b.w.embedded.tomcat.TomcatWebServer  : Tomcat initialized with port(s): 8080 (http)
2022-07-07 14:33:24.928  INFO 13592 --- [main] o.apache.catalina.core.StandardService   : Starting service [Tomcat]
2022-07-07 14:33:24.929  INFO 13592 --- [main] org.apache.catalina.core.StandardEngine  : Starting Servlet engine: [Apache Tomcat/9.0.64]
2022-07-07 14:33:25.096  INFO 13592 --- [main] o.a.c.c.C.[Tomcat].[localhost].[/]       : Initializing Spring embedded WebApplicationContext
2022-07-07 14:33:25.096  INFO 13592 --- [main] w.s.c.ServletWebServerApplicationContext : Root WebApplicationContext: initialization completed in 2090 ms
2022-07-07 14:33:26.696  INFO 13592 --- [main] o.s.b.w.embedded.tomcat.TomcatWebServer  : Tomcat started on port(s): 8080 (http) with context path ''
2022-07-07 14:33:26.713  INFO 13592 --- [main] com.interview.enableu.task.Main          : Started Main in 4.357 seconds (JVM running for 4.839)
2022-07-07 14:33:32.882  INFO 13592 --- [http-nio-8080-exec-1] o.a.c.c.C.[Tomcat].[localhost].[/]       : Initializing Spring DispatcherServlet 'dispatcherServlet'
2022-07-07 14:33:32.883  INFO 13592 --- [http-nio-8080-exec-1] o.s.web.servlet.DispatcherServlet        : Initializing Servlet 'dispatcherServlet'
2022-07-07 14:33:32.884  INFO 13592 --- [http-nio-8080-exec-1] o.s.web.servlet.DispatcherServlet        : Completed initialization in 1 ms
2022-07-07 14:33:33.926  INFO 13592 --- [http-nio-8080-exec-3] o.springdoc.api.AbstractOpenApiResource  : Init duration for springdoc-openapi is: 423 ms
2022-07-07 14:34:02.830  INFO 21576 --- [main] com.interview.enableu.task.Main          : Starting Main using Java 1.8.0_301 on DESKTOP-95BF9T0 with PID 21576 (C:\Users\Dima\IdeaProjects\task\build\classes\java\main started by Dima in C:\Users\Dima\IdeaProjects\task)
2022-07-07 14:34:02.834  INFO 21576 --- [main] com.interview.enableu.task.Main          : No active profile set, falling back to 1 default profile: "default"
2022-07-07 14:34:04.722  INFO 21576 --- [main] o.s.b.w.embedded.tomcat.TomcatWebServer  : Tomcat initialized with port(s): 8080 (http)
2022-07-07 14:34:04.737  INFO 21576 --- [main] o.apache.catalina.core.StandardService   : Starting service [Tomcat]
2022-07-07 14:34:04.737  INFO 21576 --- [main] org.apache.catalina.core.StandardEngine  : Starting Servlet engine: [Apache Tomcat/9.0.64]
2022-07-07 14:34:04.920  INFO 21576 --- [main] o.a.c.c.C.[Tomcat].[localhost].[/]       : Initializing Spring embedded WebApplicationContext
2022-07-07 14:34:04.920  INFO 21576 --- [main] w.s.c.ServletWebServerApplicationContext : Root WebApplicationContext: initialization completed in 2021 ms
2022-07-07 14:34:06.466  INFO 21576 --- [main] o.s.b.w.embedded.tomcat.TomcatWebServer  : Tomcat started on port(s): 8080 (http) with context path ''
2022-07-07 14:34:06.484  INFO 21576 --- [main] com.interview.enableu.task.Main          : Started Main in 4.221 seconds (JVM running for 4.693)
2022-07-07 14:34:15.149  INFO 21576 --- [http-nio-8080-exec-1] o.a.c.c.C.[Tomcat].[localhost].[/]       : Initializing Spring DispatcherServlet 'dispatcherServlet'
2022-07-07 14:34:15.150  INFO 21576 --- [http-nio-8080-exec-1] o.s.web.servlet.DispatcherServlet        : Initializing Servlet 'dispatcherServlet'
2022-07-07 14:34:15.151  INFO 21576 --- [http-nio-8080-exec-1] o.s.web.servlet.DispatcherServlet        : Completed initialization in 1 ms
2022-07-07 14:34:16.067  INFO 21576 --- [http-nio-8080-exec-3] o.springdoc.api.AbstractOpenApiResource  : Init duration for springdoc-openapi is: 456 ms
2022-07-07 14:36:51.185  INFO 6964 --- [main] com.interview.enableu.task.Main          : Starting Main using Java 1.8.0_301 on DESKTOP-95BF9T0 with PID 6964 (C:\Users\Dima\IdeaProjects\task\build\classes\java\main started by Dima in C:\Users\Dima\IdeaProjects\task)
2022-07-07 14:36:51.189  INFO 6964 --- [main] com.interview.enableu.task.Main          : No active profile set, falling back to 1 default profile: "default"
2022-07-07 14:36:53.314  INFO 6964 --- [main] o.s.b.w.embedded.tomcat.TomcatWebServer  : Tomcat initialized with port(s): 8080 (http)
2022-07-07 14:36:53.333  INFO 6964 --- [main] o.apache.catalina.core.StandardService   : Starting service [Tomcat]
2022-07-07 14:36:53.334  INFO 6964 --- [main] org.apache.catalina.core.StandardEngine  : Starting Servlet engine: [Apache Tomcat/9.0.64]
2022-07-07 14:36:53.564  INFO 6964 --- [main] o.a.c.c.C.[Tomcat].[localhost].[/]       : Initializing Spring embedded WebApplicationContext
2022-07-07 14:36:53.564  INFO 6964 --- [main] w.s.c.ServletWebServerApplicationContext : Root WebApplicationContext: initialization completed in 2311 ms
2022-07-07 14:36:55.219  INFO 6964 --- [main] o.s.b.w.embedded.tomcat.TomcatWebServer  : Tomcat started on port(s): 8080 (http) with context path ''
2022-07-07 14:36:55.242  INFO 6964 --- [main] com.interview.enableu.task.Main          : Started Main in 4.59 seconds (JVM running for 5.051)
2022-07-07 14:37:15.977  INFO 6964 --- [http-nio-8080-exec-1] o.a.c.c.C.[Tomcat].[localhost].[/]       : Initializing Spring DispatcherServlet 'dispatcherServlet'
2022-07-07 14:37:15.978  INFO 6964 --- [http-nio-8080-exec-1] o.s.web.servlet.DispatcherServlet        : Initializing Servlet 'dispatcherServlet'
2022-07-07 14:37:15.979  INFO 6964 --- [http-nio-8080-exec-1] o.s.web.servlet.DispatcherServlet        : Completed initialization in 1 ms
2022-07-07 14:37:17.054  INFO 6964 --- [http-nio-8080-exec-9] o.springdoc.api.AbstractOpenApiResource  : Init duration for springdoc-openapi is: 513 ms
2022-07-07 14:37:27.130  INFO 6964 --- [http-nio-8080-exec-10] c.i.e.t.w.c.UrlMonitoringController      : /result endpoint was called
2022-07-07 14:37:27.132 ERROR 6964 --- [http-nio-8080-exec-10] c.i.e.t.w.controller.ExceptionsHandler   : Url has not been checked yet, please try again later.
2022-07-07 14:40:24.082  INFO 10420 --- [Test worker] com.interview.enableu.task.MainTests     : Starting MainTests using Java 1.8.0_301 on DESKTOP-95BF9T0 with PID 10420 (started by Dima in C:\Users\Dima\IdeaProjects\task)
2022-07-07 14:40:24.084  INFO 10420 --- [Test worker] com.interview.enableu.task.MainTests     : No active profile set, falling back to 1 default profile: "default"
2022-07-07 14:40:28.031  INFO 10420 --- [Test worker] com.interview.enableu.task.MainTests     : Started MainTests in 4.355 seconds (JVM running for 5.875)
2022-07-07 14:42:02.333  INFO 6492 --- [Test worker] com.interview.enableu.task.MainTests     : Starting MainTests using Java 1.8.0_301 on DESKTOP-95BF9T0 with PID 6492 (started by Dima in C:\Users\Dima\IdeaProjects\task)
2022-07-07 14:42:02.335  INFO 6492 --- [Test worker] com.interview.enableu.task.MainTests     : No active profile set, falling back to 1 default profile: "default"
2022-07-07 14:42:06.054  INFO 6492 --- [Test worker] com.interview.enableu.task.MainTests     : Started MainTests in 4.131 seconds (JVM running for 5.722)
2022-07-07 14:42:35.340  INFO 4516 --- [Test worker] com.interview.enableu.task.MainTests     : Starting MainTests using Java 1.8.0_301 on DESKTOP-95BF9T0 with PID 4516 (started by Dima in C:\Users\Dima\IdeaProjects\task)
2022-07-07 14:42:35.342  INFO 4516 --- [Test worker] com.interview.enableu.task.MainTests     : No active profile set, falling back to 1 default profile: "default"
2022-07-07 14:42:39.484  INFO 4516 --- [Test worker] com.interview.enableu.task.MainTests     : Started MainTests in 4.555 seconds (JVM running for 6.071)
2022-07-07 14:53:45.774  INFO 16804 --- [Test worker] com.interview.enableu.task.MainTests     : Starting MainTests using Java 1.8.0_301 on DESKTOP-95BF9T0 with PID 16804 (started by Dima in C:\Users\Dima\IdeaProjects\task)
2022-07-07 14:53:45.776  INFO 16804 --- [Test worker] com.interview.enableu.task.MainTests     : No active profile set, falling back to 1 default profile: "default"
2022-07-07 14:53:49.590  INFO 16804 --- [Test worker] com.interview.enableu.task.MainTests     : Started MainTests in 4.17 seconds (JVM running for 5.834)
2022-07-07 14:54:52.553  INFO 22168 --- [main] com.interview.enableu.task.Main          : Starting Main using Java 1.8.0_301 on DESKTOP-95BF9T0 with PID 22168 (C:\Users\Dima\IdeaProjects\task\build\libs\task-0.0.1.jar started by Dima in C:\Users\Dima\IdeaProjects\task)
2022-07-07 14:54:52.558  INFO 22168 --- [main] com.interview.enableu.task.Main          : No active profile set, falling back to 1 default profile: "default"
2022-07-07 14:54:54.395  INFO 22168 --- [main] o.s.b.w.embedded.tomcat.TomcatWebServer  : Tomcat initialized with port(s): 8080 (http)
2022-07-07 14:54:54.414  INFO 22168 --- [main] o.apache.catalina.core.StandardService   : Starting service [Tomcat]
2022-07-07 14:54:54.415  INFO 22168 --- [main] org.apache.catalina.core.StandardEngine  : Starting Servlet engine: [Apache Tomcat/9.0.64]
2022-07-07 14:54:54.606  INFO 22168 --- [main] o.a.c.c.C.[Tomcat].[localhost].[/]       : Initializing Spring embedded WebApplicationContext
2022-07-07 14:54:54.607  INFO 22168 --- [main] w.s.c.ServletWebServerApplicationContext : Root WebApplicationContext: initialization completed in 1976 ms
2022-07-07 14:54:56.181  INFO 22168 --- [main] o.s.b.w.embedded.tomcat.TomcatWebServer  : Tomcat started on port(s): 8080 (http) with context path ''
2022-07-07 14:54:56.204  INFO 22168 --- [main] com.interview.enableu.task.Main          : Started Main in 4.269 seconds (JVM running for 5.049)
2022-07-07 14:55:06.446  INFO 22168 --- [http-nio-8080-exec-1] o.a.c.c.C.[Tomcat].[localhost].[/]       : Initializing Spring DispatcherServlet 'dispatcherServlet'
2022-07-07 14:55:06.447  INFO 22168 --- [http-nio-8080-exec-1] o.s.web.servlet.DispatcherServlet        : Initializing Servlet 'dispatcherServlet'
2022-07-07 14:55:06.449  INFO 22168 --- [http-nio-8080-exec-1] o.s.web.servlet.DispatcherServlet        : Completed initialization in 2 ms
2022-07-07 14:55:06.487  INFO 22168 --- [http-nio-8080-exec-1] c.i.e.t.w.c.UrlMonitoringController      : /start endpoint was called
2022-07-07 14:55:34.014  INFO 22168 --- [http-nio-8080-exec-2] c.i.e.t.w.c.UrlMonitoringController      : /stop endpoint was called
2022-07-07 14:55:35.927  INFO 22168 --- [http-nio-8080-exec-3] c.i.e.t.w.c.UrlMonitoringController      : /stop endpoint was called
